<?xml version="1.0" encoding="UTF-8"?>
<testsuite xmlns:xsi="http://www.w3.org/2001/XMLSchema-instance" xsi:noNamespaceSchemaLocation="https://maven.apache.org/surefire/maven-surefire-plugin/xsd/surefire-test-report.xsd" version="3.0.2" name="com.mtjava.smsadminlite.UserControllerTest" time="1.085" tests="1" errors="0" skipped="0" failures="0">
  <properties>
[...]
</properties>
  <testcase name="shouldReturnHealthStatus" classname="com.mtjava.smsadminlite.UserControllerTest" time="0.379">
    <system-out><![CDATA[14:52:01.337 [main] INFO org.springframework.test.context.support.AnnotationConfigContextLoaderUtils -- Could not detect default configuration classes for test class [com.mtjava.smsadminlite.UserControllerTest]: UserControllerTest does not declare any static, non-private, non-final, nested classes annotated with @Configuration.
14:52:01.383 [main] INFO org.springframework.boot.test.context.SpringBootTestContextBootstrapper -- Found @SpringBootConfiguration com.mtjava.smsadminlite.SmsAdminLiteApplication for test class com.mtjava.smsadminlite.UserControllerTest

  .   ____          _            __ _ _
 /\\ / ___'_ __ _ _(_)_ __  __ _ \ \ \ \
( ( )\___ | '_ | '_| | '_ \/ _` | \ \ \ \
 \\/  ___)| |_)| | | | | || (_| |  ) ) ) )
  '  |____| .__|_| |_|_| |_\__, | / / / /
 =========|_|==============|___/=/_/_/_/

 :: Spring Boot ::                (v3.5.6)

2026-04-09T14:52:01.559+08:00  INFO 44277 --- [sms-admin-lite] [           main] c.m.smsadminlite.UserControllerTest      : Starting UserControllerTest using Java 21.0.10 with PID 44277 (started by xiaolongxia in /Users/xiaolongxia/Desktop/shuoruan/project/mt-java/sms-admin-lite)
2026-04-09T14:52:01.560+08:00  INFO 44277 --- [sms-admin-lite] [           main] c.m.smsadminlite.UserControllerTest      : No active profile set, falling back to 1 default profile: "default"
2026-04-09T14:52:01.968+08:00  INFO 44277 --- [sms-admin-lite] [           main] o.s.b.t.m.w.SpringBootMockServletContext : Initializing Spring TestDispatcherServlet ''
2026-04-09T14:52:01.968+08:00  INFO 44277 --- [sms-admin-lite] [           main] o.s.t.web.servlet.TestDispatcherServlet  : Initializing Servlet ''
2026-04-09T14:52:01.969+08:00  INFO 44277 --- [sms-admin-lite] [           main] o.s.t.web.servlet.TestDispatcherServlet  : Completed initialization in 1 ms
2026-04-09T14:52:01.978+08:00  INFO 44277 --- [sms-admin-lite] [           main] c.m.smsadminlite.UserControllerTest      : Started UserControllerTest in 0.543 seconds (process running for 0.937)
]]></system-out>
    <system-err><![CDATA[Mockito is currently self-attaching to enable the inline-mock-maker. This will no longer work in future releases of the JDK. Please add Mockito as an agent to your build as described in Mockito's documentation: https://javadoc.io/doc/org.mockito/mockito-core/latest/org.mockito/org/mockito/Mockito.html#0.3
WARNING: A Java agent has been loaded dynamically (/Users/xiaolongxia/.m2/repository/net/bytebuddy/byte-buddy-agent/1.17.7/byte-buddy-agent-1.17.7.jar)
WARNING: If a serviceability tool is in use, please run with -XX:+EnableDynamicAgentLoading to hide this warning
WARNING: If a serviceability tool is not in use, please run with -Djdk.instrument.traceUsage for more information
WARNING: Dynamic loading of agents will be disallowed by default in a future release
]]></system-err>
  </testcase>
</testsuite>